<?xml version="1.0" encoding="UTF-8"?>
<testsuites name="Auth" time="6.654" tests="1" failures="0" errors="0">
   <testsuite name="Auth" tests="1" failures="0" errors="0" time="6.654" skipped="0" timestamp="13-02-2024T08:19:44" hostname="LENOVO - DESKTOP-SKHBD1C" id="Test Suites/Auth">
      <properties>
         <property name="deviceName" value=""/>
         <property name="devicePlatform" value=""/>
         <property name="logFolder" value="C:\\Users\\LENOVO\\git\\katalon-finalapi-Zahwa-Aqila-Nabilia-Setiawan\\Reports\\20240213_081932\\Auth\\20240213_081933"/>
         <property name="logFiles" value="C:\\Users\\LENOVO\\git\\katalon-finalapi-Zahwa-Aqila-Nabilia-Setiawan\\Reports\\20240213_081932\\Auth\\20240213_081933\\execution0.log"/>
         <property name="attachments" value=""/>
         <property name="hostName" value="LENOVO - DESKTOP-SKHBD1C"/>
         <property name="hostAddress" value="172.16.38.210"/>
         <property name="os" value="Windows 11 64bit"/>
         <property name="katalonVersion" value="9.2.0.212"/>
      </properties>
      <testcase name="Test Cases/CreateToken" time="6.408" classname="Test Cases/CreateToken" status="PASSED">
         <system-out><![CDATA[13-02-2024T08:19:44 - [TEST_CASE][PASSED] - Test Cases/CreateToken: Test Cases/CreateToken

13-02-2024T08:19:45 - [TEST_STEP][PASSED] - sendRequest(findTestObject("Auth/CreateToken")): Send request successfully

13-02-2024T08:19:48 - [MESSAGE][INFO] - HAR: C:\Users\LENOVO\git\katalon-finalapi-Zahwa-Aqila-Nabilia-Setiawan\Reports\20240213_081932\Auth\20240213_081933\requests\main\0.har

13-02-2024T08:19:49 - [MESSAGE][PASSED] - Send request successfully

13-02-2024T08:19:51 - [TEST_STEP][PASSED] - Video: Video recording for test case 'Test Cases/CreateToken' .

13-02-2024T08:19:51 - [MESSAGE][INFO] - Video recording for test case 'Test Cases/CreateToken' .]]></system-out>
         <system-err><![CDATA[]]></system-err>
      </testcase>
      <system-out><![CDATA[13-02-2024T08:19:44 - [TEST_SUITE][PASSED] - Auth: Test Cases/CreateToken]]></system-out>
      <system-err><![CDATA[]]></system-err>
   </testsuite>
</testsuites>
