<?xml version="1.0" encoding="UTF-8"?>
<testsuites name="Ping" time="8.13" tests="1" failures="0" errors="0">
   <testsuite name="Ping" tests="1" failures="0" errors="0" time="8.13" skipped="0" timestamp="13-02-2024T08:20:32" hostname="LENOVO - DESKTOP-SKHBD1C" id="Test Suites/Ping">
      <properties>
         <property name="deviceName" value=""/>
         <property name="devicePlatform" value=""/>
         <property name="logFolder" value="C:\\Users\\LENOVO\\git\\katalon-finalapi-Zahwa-Aqila-Nabilia-Setiawan\\Reports\\20240213_081932\\Ping\\20240213_081937"/>
         <property name="logFiles" value="C:\\Users\\LENOVO\\git\\katalon-finalapi-Zahwa-Aqila-Nabilia-Setiawan\\Reports\\20240213_081932\\Ping\\20240213_081937\\execution0.log"/>
         <property name="attachments" value=""/>
         <property name="hostName" value="LENOVO - DESKTOP-SKHBD1C"/>
         <property name="hostAddress" value="172.16.38.210"/>
         <property name="os" value="Windows 11 64bit"/>
         <property name="katalonVersion" value="9.2.0.212"/>
      </properties>
      <testcase name="Test Cases/HealthCheck" time="7.772" classname="Test Cases/HealthCheck" status="PASSED">
         <system-out><![CDATA[13-02-2024T08:20:33 - [TEST_CASE][PASSED] - Test Cases/HealthCheck: Test Cases/HealthCheck

13-02-2024T08:20:34 - [TEST_STEP][PASSED] - sendRequest(findTestObject("Ping/HealthCheck")): Send request successfully

13-02-2024T08:20:38 - [MESSAGE][INFO] - HAR: C:\Users\LENOVO\git\katalon-finalapi-Zahwa-Aqila-Nabilia-Setiawan\Reports\20240213_081932\Ping\20240213_081937\requests\main\0.har

13-02-2024T08:20:39 - [MESSAGE][PASSED] - Send request successfully

13-02-2024T08:20:41 - [TEST_STEP][PASSED] - Video: Video recording for test case 'Test Cases/HealthCheck' .

13-02-2024T08:20:41 - [MESSAGE][INFO] - Video recording for test case 'Test Cases/HealthCheck' .]]></system-out>
         <system-err><![CDATA[]]></system-err>
      </testcase>
      <system-out><![CDATA[13-02-2024T08:20:32 - [TEST_SUITE][PASSED] - Ping: Test Cases/HealthCheck]]></system-out>
      <system-err><![CDATA[]]></system-err>
   </testsuite>
</testsuites>
