<?xml version="1.0" encoding="UTF-8"?>
<testsuites name="RestMethods" time="61.374" tests="8" failures="0" errors="0">
   <testsuite name="Auth" tests="1" failures="0" errors="0" time="6.654" skipped="0" timestamp="13-02-2024T08:19:44" hostname="LENOVO - DESKTOP-SKHBD1C" id="Test Suites/Auth">
      <properties>
         <property name="deviceName" value=""/>
         <property name="devicePlatform" value=""/>
         <property name="logFolder" value="C:\\Users\\LENOVO\\git\\katalon-finalapi-Zahwa-Aqila-Nabilia-Setiawan\\Reports\\20240213_081932\\Auth\\20240213_081933"/>
         <property name="logFiles" value="C:\\Users\\LENOVO\\git\\katalon-finalapi-Zahwa-Aqila-Nabilia-Setiawan\\Reports\\20240213_081932\\Auth\\20240213_081933\\execution0.log"/>
         <property name="attachments" value=""/>
         <property name="hostName" value="LENOVO - DESKTOP-SKHBD1C"/>
         <property name="hostAddress" value="172.16.38.210"/>
         <property name="os" value="Windows 11 64bit"/>
         <property name="katalonVersion" value="9.2.0.212"/>
      </properties>
      <testcase name="Test Cases/CreateToken" time="6.408" classname="Test Cases/CreateToken" status="PASSED">
         <system-out><![CDATA[13-02-2024T08:19:44 - [TEST_CASE][PASSED] - Test Cases/CreateToken: Test Cases/CreateToken

13-02-2024T08:19:45 - [TEST_STEP][PASSED] - sendRequest(findTestObject("Auth/CreateToken")): Send request successfully

13-02-2024T08:19:48 - [MESSAGE][INFO] - HAR: C:\Users\LENOVO\git\katalon-finalapi-Zahwa-Aqila-Nabilia-Setiawan\Reports\20240213_081932\Auth\20240213_081933\requests\main\0.har

13-02-2024T08:19:49 - [MESSAGE][PASSED] - Send request successfully

13-02-2024T08:19:51 - [TEST_STEP][PASSED] - Video: Video recording for test case 'Test Cases/CreateToken' .

13-02-2024T08:19:51 - [MESSAGE][INFO] - Video recording for test case 'Test Cases/CreateToken' .]]></system-out>
         <system-err><![CDATA[]]></system-err>
      </testcase>
      <system-out><![CDATA[13-02-2024T08:19:44 - [TEST_SUITE][PASSED] - Auth: Test Cases/CreateToken]]></system-out>
      <system-err><![CDATA[]]></system-err>
   </testsuite>
   <testsuite name="Booking" tests="6" failures="0" errors="0" time="26.551" skipped="0" timestamp="13-02-2024T08:19:58" hostname="LENOVO - DESKTOP-SKHBD1C" id="Test Suites/Booking">
      <properties>
         <property name="deviceName" value=""/>
         <property name="devicePlatform" value=""/>
         <property name="logFolder" value="C:\\Users\\LENOVO\\git\\katalon-finalapi-Zahwa-Aqila-Nabilia-Setiawan\\Reports\\20240213_081932\\Booking\\20240213_081935"/>
         <property name="logFiles" value="C:\\Users\\LENOVO\\git\\katalon-finalapi-Zahwa-Aqila-Nabilia-Setiawan\\Reports\\20240213_081932\\Booking\\20240213_081935\\execution0.log"/>
         <property name="attachments" value=""/>
         <property name="hostName" value="LENOVO - DESKTOP-SKHBD1C"/>
         <property name="hostAddress" value="172.16.38.210"/>
         <property name="os" value="Windows 11 64bit"/>
         <property name="katalonVersion" value="9.2.0.212"/>
      </properties>
      <testcase name="Test Cases/GetBookingId" time="8.682" classname="Test Cases/GetBookingId" status="PASSED">
         <system-out><![CDATA[13-02-2024T08:19:58 - [TEST_CASE][PASSED] - Test Cases/GetBookingId: Test Cases/GetBookingId

13-02-2024T08:19:59 - [TEST_STEP][PASSED] - response = sendRequestAndVerify(findTestObject("Booking/GetBookingId")): Send request and verify the response successfully

13-02-2024T08:20:03 - [MESSAGE][INFO] - HAR: C:\Users\LENOVO\git\katalon-finalapi-Zahwa-Aqila-Nabilia-Setiawan\Reports\20240213_081932\Booking\20240213_081935\requests\main\0.har

13-02-2024T08:20:04 - [TEST_CASE][PASSED] - Start Test Case : Verification: Verification accomplished successfully

13-02-2024T08:20:04 - [TEST_STEP][PASSED] - request = getInstance().getCurrentRequest(): null

13-02-2024T08:20:04 - [TEST_STEP][PASSED] - response = getInstance().getCurrentResponse(): null

13-02-2024T08:20:04 - [MESSAGE][PASSED] - Verify response successfully

13-02-2024T08:20:04 - [MESSAGE][PASSED] - All validation steps have been passed

13-02-2024T08:20:04 - [MESSAGE][PASSED] - Send request and verify the response successfully

13-02-2024T08:20:04 - [TEST_STEP][PASSED] - verifyElementPropertyValue(response, "firstname", "Ican"): Verify element property value successfully

13-02-2024T08:20:04 - [MESSAGE][PASSED] - Verify element property value successfully

13-02-2024T08:20:04 - [TEST_STEP][PASSED] - verifyElementPropertyValue(response, "lastname", "Petter"): Verify element property value successfully

13-02-2024T08:20:04 - [MESSAGE][PASSED] - Verify element property value successfully

13-02-2024T08:20:04 - [TEST_STEP][PASSED] - verifyElementPropertyValue(response, "bookingdates.checkin", "2024-02-01"): Verify element property value successfully

13-02-2024T08:20:04 - [MESSAGE][PASSED] - Verify element property value successfully

13-02-2024T08:20:04 - [TEST_STEP][PASSED] - verifyElementPropertyValue(response, "bookingdates.checkout", "2024-02-14"): Verify element property value successfully

13-02-2024T08:20:04 - [MESSAGE][PASSED] - Verify element property value successfully

13-02-2024T08:20:07 - [TEST_STEP][PASSED] - Video: Video recording for test case 'Test Cases/GetBookingId' .

13-02-2024T08:20:07 - [MESSAGE][INFO] - Video recording for test case 'Test Cases/GetBookingId' .]]></system-out>
         <system-err><![CDATA[]]></system-err>
      </testcase>
      <testcase name="Test Cases/CreateBooking" time="3.792" classname="Test Cases/CreateBooking" status="PASSED">
         <system-out><![CDATA[13-02-2024T08:20:07 - [TEST_CASE][PASSED] - Test Cases/CreateBooking: Test Cases/CreateBooking

13-02-2024T08:20:07 - [TEST_STEP][PASSED] - response = sendRequestAndVerify(findTestObject("Booking/CreateBooking")): Send request and verify the response successfully

13-02-2024T08:20:08 - [MESSAGE][INFO] - HAR: C:\Users\LENOVO\git\katalon-finalapi-Zahwa-Aqila-Nabilia-Setiawan\Reports\20240213_081932\Booking\20240213_081935\requests\main\1.har

13-02-2024T08:20:08 - [TEST_CASE][PASSED] - Start Test Case : Verification: Verification accomplished successfully

13-02-2024T08:20:08 - [TEST_STEP][PASSED] - request = getInstance().getCurrentRequest(): null

13-02-2024T08:20:08 - [TEST_STEP][PASSED] - response = getInstance().getCurrentResponse(): null

13-02-2024T08:20:08 - [MESSAGE][PASSED] - Verify response successfully

13-02-2024T08:20:08 - [MESSAGE][PASSED] - All validation steps have been passed

13-02-2024T08:20:08 - [MESSAGE][PASSED] - Send request and verify the response successfully

13-02-2024T08:20:08 - [TEST_STEP][PASSED] - verifyElementPropertyValue(response, "booking.firstname", "Ican"): Verify element property value successfully

13-02-2024T08:20:08 - [MESSAGE][PASSED] - Verify element property value successfully

13-02-2024T08:20:08 - [TEST_STEP][PASSED] - verifyElementPropertyValue(response, "booking.lastname", "Petter"): Verify element property value successfully

13-02-2024T08:20:08 - [MESSAGE][PASSED] - Verify element property value successfully

13-02-2024T08:20:08 - [TEST_STEP][PASSED] - verifyElementPropertyValue(response, "booking.totalprice", 200): Verify element property value successfully

13-02-2024T08:20:08 - [MESSAGE][PASSED] - Verify element property value successfully

13-02-2024T08:20:08 - [TEST_STEP][PASSED] - verifyElementPropertyValue(response, "booking.depositpaid", true): Verify element property value successfully

13-02-2024T08:20:08 - [MESSAGE][PASSED] - Verify element property value successfully

13-02-2024T08:20:08 - [TEST_STEP][PASSED] - verifyElementPropertyValue(response, "booking.bookingdates.checkin", "2024-02-01"): Verify element property value successfully

13-02-2024T08:20:08 - [MESSAGE][PASSED] - Verify element property value successfully

13-02-2024T08:20:08 - [TEST_STEP][PASSED] - verifyElementPropertyValue(response, "booking.bookingdates.checkout", "2024-02-14"): Verify element property value successfully

13-02-2024T08:20:08 - [MESSAGE][PASSED] - Verify element property value successfully

13-02-2024T08:20:08 - [TEST_STEP][PASSED] - verifyElementPropertyValue(response, "booking.additionalneeds", "SmookingArea"): Verify element property value successfully

13-02-2024T08:20:08 - [MESSAGE][PASSED] - Verify element property value successfully

13-02-2024T08:20:10 - [TEST_STEP][PASSED] - Video: Video recording for test case 'Test Cases/CreateBooking' .

13-02-2024T08:20:10 - [MESSAGE][INFO] - Video recording for test case 'Test Cases/CreateBooking' .]]></system-out>
         <system-err><![CDATA[]]></system-err>
      </testcase>
      <testcase name="Test Cases/GetBooking" time="3.51" classname="Test Cases/GetBooking" status="PASSED">
         <system-out><![CDATA[13-02-2024T08:20:10 - [TEST_CASE][PASSED] - Test Cases/GetBooking: Test Cases/GetBooking

13-02-2024T08:20:10 - [TEST_STEP][PASSED] - sendRequest(findTestObject("Booking/GetBooking")): Send request successfully

13-02-2024T08:20:12 - [MESSAGE][INFO] - HAR: C:\Users\LENOVO\git\katalon-finalapi-Zahwa-Aqila-Nabilia-Setiawan\Reports\20240213_081932\Booking\20240213_081935\requests\main\2.har

13-02-2024T08:20:12 - [MESSAGE][PASSED] - Send request successfully

13-02-2024T08:20:14 - [TEST_STEP][PASSED] - Video: Video recording for test case 'Test Cases/GetBooking' .

13-02-2024T08:20:14 - [MESSAGE][INFO] - Video recording for test case 'Test Cases/GetBooking' .]]></system-out>
         <system-err><![CDATA[]]></system-err>
      </testcase>
      <testcase name="Test Cases/PartialUpdateBooking" time="3.314" classname="Test Cases/PartialUpdateBooking" status="PASSED">
         <system-out><![CDATA[13-02-2024T08:20:14 - [TEST_CASE][PASSED] - Test Cases/PartialUpdateBooking: Test Cases/PartialUpdateBooking

13-02-2024T08:20:14 - [TEST_STEP][PASSED] - sendRequest(findTestObject("Booking/PartialUpdateBooking", ["id":"2592"])): Send request successfully

13-02-2024T08:20:15 - [MESSAGE][INFO] - HAR: C:\Users\LENOVO\git\katalon-finalapi-Zahwa-Aqila-Nabilia-Setiawan\Reports\20240213_081932\Booking\20240213_081935\requests\main\3.har

13-02-2024T08:20:15 - [MESSAGE][PASSED] - Send request successfully

13-02-2024T08:20:17 - [TEST_STEP][PASSED] - Video: Video recording for test case 'Test Cases/PartialUpdateBooking' .

13-02-2024T08:20:17 - [MESSAGE][INFO] - Video recording for test case 'Test Cases/PartialUpdateBooking' .]]></system-out>
         <system-err><![CDATA[]]></system-err>
      </testcase>
      <testcase name="Test Cases/UpdateBooking" time="3.317" classname="Test Cases/UpdateBooking" status="PASSED">
         <system-out><![CDATA[13-02-2024T08:20:17 - [TEST_CASE][PASSED] - Test Cases/UpdateBooking: Test Cases/UpdateBooking

13-02-2024T08:20:17 - [TEST_STEP][PASSED] - sendRequest(findTestObject("Booking/UpdateBooking", ["id":361])): Send request successfully

13-02-2024T08:20:18 - [MESSAGE][INFO] - HAR: C:\Users\LENOVO\git\katalon-finalapi-Zahwa-Aqila-Nabilia-Setiawan\Reports\20240213_081932\Booking\20240213_081935\requests\main\4.har

13-02-2024T08:20:18 - [MESSAGE][PASSED] - Send request successfully

13-02-2024T08:20:21 - [TEST_STEP][PASSED] - Video: Video recording for test case 'Test Cases/UpdateBooking' .

13-02-2024T08:20:21 - [MESSAGE][INFO] - Video recording for test case 'Test Cases/UpdateBooking' .]]></system-out>
         <system-err><![CDATA[]]></system-err>
      </testcase>
      <testcase name="Test Cases/DeleteBooking" time="3.56" classname="Test Cases/DeleteBooking" status="PASSED">
         <system-out><![CDATA[13-02-2024T08:20:21 - [TEST_CASE][PASSED] - Test Cases/DeleteBooking: Test Cases/DeleteBooking

13-02-2024T08:20:21 - [TEST_STEP][PASSED] - sendRequest(findTestObject("Booking/GetBooking", ["id":777])): Send request successfully

13-02-2024T08:20:22 - [MESSAGE][INFO] - HAR: C:\Users\LENOVO\git\katalon-finalapi-Zahwa-Aqila-Nabilia-Setiawan\Reports\20240213_081932\Booking\20240213_081935\requests\main\5.har

13-02-2024T08:20:22 - [MESSAGE][PASSED] - Send request successfully

13-02-2024T08:20:24 - [TEST_STEP][PASSED] - Video: Video recording for test case 'Test Cases/DeleteBooking' .

13-02-2024T08:20:24 - [MESSAGE][INFO] - Video recording for test case 'Test Cases/DeleteBooking' .]]></system-out>
         <system-err><![CDATA[]]></system-err>
      </testcase>
      <system-out><![CDATA[13-02-2024T08:19:58 - [TEST_SUITE][PASSED] - Booking: Test Cases/DeleteBooking]]></system-out>
      <system-err><![CDATA[]]></system-err>
   </testsuite>
   <testsuite name="Ping" tests="1" failures="0" errors="0" time="8.13" skipped="0" timestamp="13-02-2024T08:20:32" hostname="LENOVO - DESKTOP-SKHBD1C" id="Test Suites/Ping">
      <properties>
         <property name="deviceName" value=""/>
         <property name="devicePlatform" value=""/>
         <property name="logFolder" value="C:\\Users\\LENOVO\\git\\katalon-finalapi-Zahwa-Aqila-Nabilia-Setiawan\\Reports\\20240213_081932\\Ping\\20240213_081937"/>
         <property name="logFiles" value="C:\\Users\\LENOVO\\git\\katalon-finalapi-Zahwa-Aqila-Nabilia-Setiawan\\Reports\\20240213_081932\\Ping\\20240213_081937\\execution0.log"/>
         <property name="attachments" value=""/>
         <property name="hostName" value="LENOVO - DESKTOP-SKHBD1C"/>
         <property name="hostAddress" value="172.16.38.210"/>
         <property name="os" value="Windows 11 64bit"/>
         <property name="katalonVersion" value="9.2.0.212"/>
      </properties>
      <testcase name="Test Cases/HealthCheck" time="7.772" classname="Test Cases/HealthCheck" status="PASSED">
         <system-out><![CDATA[13-02-2024T08:20:33 - [TEST_CASE][PASSED] - Test Cases/HealthCheck: Test Cases/HealthCheck

13-02-2024T08:20:34 - [TEST_STEP][PASSED] - sendRequest(findTestObject("Ping/HealthCheck")): Send request successfully

13-02-2024T08:20:38 - [MESSAGE][INFO] - HAR: C:\Users\LENOVO\git\katalon-finalapi-Zahwa-Aqila-Nabilia-Setiawan\Reports\20240213_081932\Ping\20240213_081937\requests\main\0.har

13-02-2024T08:20:39 - [MESSAGE][PASSED] - Send request successfully

13-02-2024T08:20:41 - [TEST_STEP][PASSED] - Video: Video recording for test case 'Test Cases/HealthCheck' .

13-02-2024T08:20:41 - [MESSAGE][INFO] - Video recording for test case 'Test Cases/HealthCheck' .]]></system-out>
         <system-err><![CDATA[]]></system-err>
      </testcase>
      <system-out><![CDATA[13-02-2024T08:20:32 - [TEST_SUITE][PASSED] - Ping: Test Cases/HealthCheck]]></system-out>
      <system-err><![CDATA[]]></system-err>
   </testsuite>
</testsuites>
